<?xml version="1.0" encoding="UTF-8"?>
<testsuite xmlns:xsi="http://www.w3.org/2001/XMLSchema-instance" xsi:noNamespaceSchemaLocation="https://maven.apache.org/surefire/maven-surefire-plugin/xsd/surefire-test-report.xsd" name="com.huongdanjava.ramlspringmvc.RamlSpringMvcApplicationTests" time="0.186" tests="1" errors="1" skipped="0" failures="0">
  <properties>
    <property name="java.specification.version" value="18"/>
    <property name="sun.cpu.isalist" value="amd64"/>
    <property name="sun.jnu.encoding" value="Cp1252"/>
    <property name="java.class.path" value="E:\workspace.Test\spring-mvc-raml -test\target\test-classes;E:\workspace.Test\spring-mvc-raml -test\target\classes;C:\Users\OM PRAKASH\.m2\org\springframework\boot\spring-boot-starter-web\2.6.2\spring-boot-starter-web-2.6.2.jar;C:\Users\OM PRAKASH\.m2\org\springframework\boot\spring-boot-starter\2.6.2\spring-boot-starter-2.6.2.jar;C:\Users\OM PRAKASH\.m2\org\springframework\boot\spring-boot\2.6.2\spring-boot-2.6.2.jar;C:\Users\OM PRAKASH\.m2\org\springframework\boot\spring-boot-autoconfigure\2.6.2\spring-boot-autoconfigure-2.6.2.jar;C:\Users\OM PRAKASH\.m2\org\springframework\boot\spring-boot-starter-logging\2.6.2\spring-boot-starter-logging-2.6.2.jar;C:\Users\OM PRAKASH\.m2\ch\qos\logback\logback-classic\1.2.9\logback-classic-1.2.9.jar;C:\Users\OM PRAKASH\.m2\ch\qos\logback\logback-core\1.2.9\logback-core-1.2.9.jar;C:\Users\OM PRAKASH\.m2\org\apache\logging\log4j\log4j-to-slf4j\2.17.0\log4j-to-slf4j-2.17.0.jar;C:\Users\OM PRAKASH\.m2\org\apache\logging\log4j\log4j-api\2.17.0\log4j-api-2.17.0.jar;C:\Users\OM PRAKASH\.m2\org\slf4j\jul-to-slf4j\1.7.32\jul-to-slf4j-1.7.32.jar;C:\Users\OM PRAKASH\.m2\jakarta\annotation\jakarta.annotation-api\1.3.5\jakarta.annotation-api-1.3.5.jar;C:\Users\OM PRAKASH\.m2\org\yaml\snakeyaml\1.29\snakeyaml-1.29.jar;C:\Users\OM PRAKASH\.m2\org\springframework\boot\spring-boot-starter-json\2.6.2\spring-boot-starter-json-2.6.2.jar;C:\Users\OM PRAKASH\.m2\com\fasterxml\jackson\core\jackson-databind\2.13.1\jackson-databind-2.13.1.jar;C:\Users\OM PRAKASH\.m2\com\fasterxml\jackson\core\jackson-annotations\2.13.1\jackson-annotations-2.13.1.jar;C:\Users\OM PRAKASH\.m2\com\fasterxml\jackson\core\jackson-core\2.13.1\jackson-core-2.13.1.jar;C:\Users\OM PRAKASH\.m2\com\fasterxml\jackson\datatype\jackson-datatype-jdk8\2.13.1\jackson-datatype-jdk8-2.13.1.jar;C:\Users\OM PRAKASH\.m2\com\fasterxml\jackson\datatype\jackson-datatype-jsr310\2.13.1\jackson-datatype-jsr310-2.13.1.jar;C:\Users\OM PRAKASH\.m2\com\fasterxml\jackson\module\jackson-module-parameter-names\2.13.1\jackson-module-parameter-names-2.13.1.jar;C:\Users\OM PRAKASH\.m2\org\springframework\boot\spring-boot-starter-tomcat\2.6.2\spring-boot-starter-tomcat-2.6.2.jar;C:\Users\OM PRAKASH\.m2\org\apache\tomcat\embed\tomcat-embed-core\9.0.56\tomcat-embed-core-9.0.56.jar;C:\Users\OM PRAKASH\.m2\org\apache\tomcat\embed\tomcat-embed-el\9.0.56\tomcat-embed-el-9.0.56.jar;C:\Users\OM PRAKASH\.m2\org\apache\tomcat\embed\tomcat-embed-websocket\9.0.56\tomcat-embed-websocket-9.0.56.jar;C:\Users\OM PRAKASH\.m2\org\springframework\spring-web\5.3.14\spring-web-5.3.14.jar;C:\Users\OM PRAKASH\.m2\org\springframework\spring-beans\5.3.14\spring-beans-5.3.14.jar;C:\Users\OM PRAKASH\.m2\org\springframework\spring-webmvc\5.3.14\spring-webmvc-5.3.14.jar;C:\Users\OM PRAKASH\.m2\org\springframework\spring-aop\5.3.14\spring-aop-5.3.14.jar;C:\Users\OM PRAKASH\.m2\org\springframework\spring-context\5.3.14\spring-context-5.3.14.jar;C:\Users\OM PRAKASH\.m2\org\springframework\spring-expression\5.3.14\spring-expression-5.3.14.jar;C:\Users\OM PRAKASH\.m2\org\hibernate\validator\hibernate-validator\6.2.0.Final\hibernate-validator-6.2.0.Final.jar;C:\Users\OM PRAKASH\.m2\jakarta\validation\jakarta.validation-api\2.0.2\jakarta.validation-api-2.0.2.jar;C:\Users\OM PRAKASH\.m2\org\jboss\logging\jboss-logging\3.4.2.Final\jboss-logging-3.4.2.Final.jar;C:\Users\OM PRAKASH\.m2\com\fasterxml\classmate\1.5.1\classmate-1.5.1.jar;C:\Users\OM PRAKASH\.m2\commons-lang\commons-lang\2.6\commons-lang-2.6.jar;C:\Users\OM PRAKASH\.m2\org\springframework\boot\spring-boot-starter-test\2.6.2\spring-boot-starter-test-2.6.2.jar;C:\Users\OM PRAKASH\.m2\org\springframework\boot\spring-boot-test\2.6.2\spring-boot-test-2.6.2.jar;C:\Users\OM PRAKASH\.m2\org\springframework\boot\spring-boot-test-autoconfigure\2.6.2\spring-boot-test-autoconfigure-2.6.2.jar;C:\Users\OM PRAKASH\.m2\com\jayway\jsonpath\json-path\2.6.0\json-path-2.6.0.jar;C:\Users\OM PRAKASH\.m2\net\minidev\json-smart\2.4.7\json-smart-2.4.7.jar;C:\Users\OM PRAKASH\.m2\net\minidev\accessors-smart\2.4.7\accessors-smart-2.4.7.jar;C:\Users\OM PRAKASH\.m2\org\ow2\asm\asm\9.1\asm-9.1.jar;C:\Users\OM PRAKASH\.m2\org\slf4j\slf4j-api\1.7.32\slf4j-api-1.7.32.jar;C:\Users\OM PRAKASH\.m2\jakarta\xml\bind\jakarta.xml.bind-api\2.3.3\jakarta.xml.bind-api-2.3.3.jar;C:\Users\OM PRAKASH\.m2\jakarta\activation\jakarta.activation-api\1.2.2\jakarta.activation-api-1.2.2.jar;C:\Users\OM PRAKASH\.m2\org\assertj\assertj-core\3.21.0\assertj-core-3.21.0.jar;C:\Users\OM PRAKASH\.m2\org\hamcrest\hamcrest\2.2\hamcrest-2.2.jar;C:\Users\OM PRAKASH\.m2\org\junit\jupiter\junit-jupiter\5.8.2\junit-jupiter-5.8.2.jar;C:\Users\OM PRAKASH\.m2\org\junit\jupiter\junit-jupiter-api\5.8.2\junit-jupiter-api-5.8.2.jar;C:\Users\OM PRAKASH\.m2\org\opentest4j\opentest4j\1.2.0\opentest4j-1.2.0.jar;C:\Users\OM PRAKASH\.m2\org\junit\platform\junit-platform-commons\1.8.2\junit-platform-commons-1.8.2.jar;C:\Users\OM PRAKASH\.m2\org\apiguardian\apiguardian-api\1.1.2\apiguardian-api-1.1.2.jar;C:\Users\OM PRAKASH\.m2\org\junit\jupiter\junit-jupiter-params\5.8.2\junit-jupiter-params-5.8.2.jar;C:\Users\OM PRAKASH\.m2\org\junit\jupiter\junit-jupiter-engine\5.8.2\junit-jupiter-engine-5.8.2.jar;C:\Users\OM PRAKASH\.m2\org\junit\platform\junit-platform-engine\1.8.2\junit-platform-engine-1.8.2.jar;C:\Users\OM PRAKASH\.m2\org\mockito\mockito-core\4.0.0\mockito-core-4.0.0.jar;C:\Users\OM PRAKASH\.m2\net\bytebuddy\byte-buddy\1.11.22\byte-buddy-1.11.22.jar;C:\Users\OM PRAKASH\.m2\net\bytebuddy\byte-buddy-agent\1.11.22\byte-buddy-agent-1.11.22.jar;C:\Users\OM PRAKASH\.m2\org\objenesis\objenesis\3.2\objenesis-3.2.jar;C:\Users\OM PRAKASH\.m2\org\mockito\mockito-junit-jupiter\4.0.0\mockito-junit-jupiter-4.0.0.jar;C:\Users\OM PRAKASH\.m2\org\skyscreamer\jsonassert\1.5.0\jsonassert-1.5.0.jar;C:\Users\OM PRAKASH\.m2\com\vaadin\external\google\android-json\0.0.20131108.vaadin1\android-json-0.0.20131108.vaadin1.jar;C:\Users\OM PRAKASH\.m2\org\springframework\spring-core\5.3.14\spring-core-5.3.14.jar;C:\Users\OM PRAKASH\.m2\org\springframework\spring-jcl\5.3.14\spring-jcl-5.3.14.jar;C:\Users\OM PRAKASH\.m2\org\springframework\spring-test\5.3.14\spring-test-5.3.14.jar;C:\Users\OM PRAKASH\.m2\org\xmlunit\xmlunit-core\2.8.4\xmlunit-core-2.8.4.jar;"/>
    <property name="java.vm.vendor" value="Oracle Corporation"/>
    <property name="sun.arch.data.model" value="64"/>
    <property name="user.variant" value=""/>
    <property name="java.vendor.url" value="https://java.oracle.com/"/>
    <property name="user.timezone" value="Asia/Calcutta"/>
    <property name="os.name" value="Windows 10"/>
    <property name="java.vm.specification.version" value="18"/>
    <property name="sun.java.launcher" value="SUN_STANDARD"/>
    <property name="user.country" value="IN"/>
    <property name="sun.boot.library.path" value="C:\Program Files\Java\jdk-18.0.1.1\bin"/>
    <property name="sun.java.command" value="C:\Users\OMPRAK~1\AppData\Local\Temp\surefire903588298496139743\surefirebooter6992056578628506132.jar C:\Users\OM PRAKASH\AppData\Local\Temp\surefire903588298496139743 2022-06-10T09-49-22_856-jvmRun1 surefire1960099711431383782tmp surefire_08659494569636204963tmp"/>
    <property name="jdk.debug" value="release"/>
    <property name="surefire.test.class.path" value="E:\workspace.Test\spring-mvc-raml -test\target\test-classes;E:\workspace.Test\spring-mvc-raml -test\target\classes;C:\Users\OM PRAKASH\.m2\org\springframework\boot\spring-boot-starter-web\2.6.2\spring-boot-starter-web-2.6.2.jar;C:\Users\OM PRAKASH\.m2\org\springframework\boot\spring-boot-starter\2.6.2\spring-boot-starter-2.6.2.jar;C:\Users\OM PRAKASH\.m2\org\springframework\boot\spring-boot\2.6.2\spring-boot-2.6.2.jar;C:\Users\OM PRAKASH\.m2\org\springframework\boot\spring-boot-autoconfigure\2.6.2\spring-boot-autoconfigure-2.6.2.jar;C:\Users\OM PRAKASH\.m2\org\springframework\boot\spring-boot-starter-logging\2.6.2\spring-boot-starter-logging-2.6.2.jar;C:\Users\OM PRAKASH\.m2\ch\qos\logback\logback-classic\1.2.9\logback-classic-1.2.9.jar;C:\Users\OM PRAKASH\.m2\ch\qos\logback\logback-core\1.2.9\logback-core-1.2.9.jar;C:\Users\OM PRAKASH\.m2\org\apache\logging\log4j\log4j-to-slf4j\2.17.0\log4j-to-slf4j-2.17.0.jar;C:\Users\OM PRAKASH\.m2\org\apache\logging\log4j\log4j-api\2.17.0\log4j-api-2.17.0.jar;C:\Users\OM PRAKASH\.m2\org\slf4j\jul-to-slf4j\1.7.32\jul-to-slf4j-1.7.32.jar;C:\Users\OM PRAKASH\.m2\jakarta\annotation\jakarta.annotation-api\1.3.5\jakarta.annotation-api-1.3.5.jar;C:\Users\OM PRAKASH\.m2\org\yaml\snakeyaml\1.29\snakeyaml-1.29.jar;C:\Users\OM PRAKASH\.m2\org\springframework\boot\spring-boot-starter-json\2.6.2\spring-boot-starter-json-2.6.2.jar;C:\Users\OM PRAKASH\.m2\com\fasterxml\jackson\core\jackson-databind\2.13.1\jackson-databind-2.13.1.jar;C:\Users\OM PRAKASH\.m2\com\fasterxml\jackson\core\jackson-annotations\2.13.1\jackson-annotations-2.13.1.jar;C:\Users\OM PRAKASH\.m2\com\fasterxml\jackson\core\jackson-core\2.13.1\jackson-core-2.13.1.jar;C:\Users\OM PRAKASH\.m2\com\fasterxml\jackson\datatype\jackson-datatype-jdk8\2.13.1\jackson-datatype-jdk8-2.13.1.jar;C:\Users\OM PRAKASH\.m2\com\fasterxml\jackson\datatype\jackson-datatype-jsr310\2.13.1\jackson-datatype-jsr310-2.13.1.jar;C:\Users\OM PRAKASH\.m2\com\fasterxml\jackson\module\jackson-module-parameter-names\2.13.1\jackson-module-parameter-names-2.13.1.jar;C:\Users\OM PRAKASH\.m2\org\springframework\boot\spring-boot-starter-tomcat\2.6.2\spring-boot-starter-tomcat-2.6.2.jar;C:\Users\OM PRAKASH\.m2\org\apache\tomcat\embed\tomcat-embed-core\9.0.56\tomcat-embed-core-9.0.56.jar;C:\Users\OM PRAKASH\.m2\org\apache\tomcat\embed\tomcat-embed-el\9.0.56\tomcat-embed-el-9.0.56.jar;C:\Users\OM PRAKASH\.m2\org\apache\tomcat\embed\tomcat-embed-websocket\9.0.56\tomcat-embed-websocket-9.0.56.jar;C:\Users\OM PRAKASH\.m2\org\springframework\spring-web\5.3.14\spring-web-5.3.14.jar;C:\Users\OM PRAKASH\.m2\org\springframework\spring-beans\5.3.14\spring-beans-5.3.14.jar;C:\Users\OM PRAKASH\.m2\org\springframework\spring-webmvc\5.3.14\spring-webmvc-5.3.14.jar;C:\Users\OM PRAKASH\.m2\org\springframework\spring-aop\5.3.14\spring-aop-5.3.14.jar;C:\Users\OM PRAKASH\.m2\org\springframework\spring-context\5.3.14\spring-context-5.3.14.jar;C:\Users\OM PRAKASH\.m2\org\springframework\spring-expression\5.3.14\spring-expression-5.3.14.jar;C:\Users\OM PRAKASH\.m2\org\hibernate\validator\hibernate-validator\6.2.0.Final\hibernate-validator-6.2.0.Final.jar;C:\Users\OM PRAKASH\.m2\jakarta\validation\jakarta.validation-api\2.0.2\jakarta.validation-api-2.0.2.jar;C:\Users\OM PRAKASH\.m2\org\jboss\logging\jboss-logging\3.4.2.Final\jboss-logging-3.4.2.Final.jar;C:\Users\OM PRAKASH\.m2\com\fasterxml\classmate\1.5.1\classmate-1.5.1.jar;C:\Users\OM PRAKASH\.m2\commons-lang\commons-lang\2.6\commons-lang-2.6.jar;C:\Users\OM PRAKASH\.m2\org\springframework\boot\spring-boot-starter-test\2.6.2\spring-boot-starter-test-2.6.2.jar;C:\Users\OM PRAKASH\.m2\org\springframework\boot\spring-boot-test\2.6.2\spring-boot-test-2.6.2.jar;C:\Users\OM PRAKASH\.m2\org\springframework\boot\spring-boot-test-autoconfigure\2.6.2\spring-boot-test-autoconfigure-2.6.2.jar;C:\Users\OM PRAKASH\.m2\com\jayway\jsonpath\json-path\2.6.0\json-path-2.6.0.jar;C:\Users\OM PRAKASH\.m2\net\minidev\json-smart\2.4.7\json-smart-2.4.7.jar;C:\Users\OM PRAKASH\.m2\net\minidev\accessors-smart\2.4.7\accessors-smart-2.4.7.jar;C:\Users\OM PRAKASH\.m2\org\ow2\asm\asm\9.1\asm-9.1.jar;C:\Users\OM PRAKASH\.m2\org\slf4j\slf4j-api\1.7.32\slf4j-api-1.7.32.jar;C:\Users\OM PRAKASH\.m2\jakarta\xml\bind\jakarta.xml.bind-api\2.3.3\jakarta.xml.bind-api-2.3.3.jar;C:\Users\OM PRAKASH\.m2\jakarta\activation\jakarta.activation-api\1.2.2\jakarta.activation-api-1.2.2.jar;C:\Users\OM PRAKASH\.m2\org\assertj\assertj-core\3.21.0\assertj-core-3.21.0.jar;C:\Users\OM PRAKASH\.m2\org\hamcrest\hamcrest\2.2\hamcrest-2.2.jar;C:\Users\OM PRAKASH\.m2\org\junit\jupiter\junit-jupiter\5.8.2\junit-jupiter-5.8.2.jar;C:\Users\OM PRAKASH\.m2\org\junit\jupiter\junit-jupiter-api\5.8.2\junit-jupiter-api-5.8.2.jar;C:\Users\OM PRAKASH\.m2\org\opentest4j\opentest4j\1.2.0\opentest4j-1.2.0.jar;C:\Users\OM PRAKASH\.m2\org\junit\platform\junit-platform-commons\1.8.2\junit-platform-commons-1.8.2.jar;C:\Users\OM PRAKASH\.m2\org\apiguardian\apiguardian-api\1.1.2\apiguardian-api-1.1.2.jar;C:\Users\OM PRAKASH\.m2\org\junit\jupiter\junit-jupiter-params\5.8.2\junit-jupiter-params-5.8.2.jar;C:\Users\OM PRAKASH\.m2\org\junit\jupiter\junit-jupiter-engine\5.8.2\junit-jupiter-engine-5.8.2.jar;C:\Users\OM PRAKASH\.m2\org\junit\platform\junit-platform-engine\1.8.2\junit-platform-engine-1.8.2.jar;C:\Users\OM PRAKASH\.m2\org\mockito\mockito-core\4.0.0\mockito-core-4.0.0.jar;C:\Users\OM PRAKASH\.m2\net\bytebuddy\byte-buddy\1.11.22\byte-buddy-1.11.22.jar;C:\Users\OM PRAKASH\.m2\net\bytebuddy\byte-buddy-agent\1.11.22\byte-buddy-agent-1.11.22.jar;C:\Users\OM PRAKASH\.m2\org\objenesis\objenesis\3.2\objenesis-3.2.jar;C:\Users\OM PRAKASH\.m2\org\mockito\mockito-junit-jupiter\4.0.0\mockito-junit-jupiter-4.0.0.jar;C:\Users\OM PRAKASH\.m2\org\skyscreamer\jsonassert\1.5.0\jsonassert-1.5.0.jar;C:\Users\OM PRAKASH\.m2\com\vaadin\external\google\android-json\0.0.20131108.vaadin1\android-json-0.0.20131108.vaadin1.jar;C:\Users\OM PRAKASH\.m2\org\springframework\spring-core\5.3.14\spring-core-5.3.14.jar;C:\Users\OM PRAKASH\.m2\org\springframework\spring-jcl\5.3.14\spring-jcl-5.3.14.jar;C:\Users\OM PRAKASH\.m2\org\springframework\spring-test\5.3.14\spring-test-5.3.14.jar;C:\Users\OM PRAKASH\.m2\org\xmlunit\xmlunit-core\2.8.4\xmlunit-core-2.8.4.jar;"/>
    <property name="sun.cpu.endian" value="little"/>
    <property name="user.home" value="C:\Users\OM PRAKASH"/>
    <property name="user.language" value="en"/>
    <property name="java.specification.vendor" value="Oracle Corporation"/>
    <property name="java.version.date" value="2022-04-22"/>
    <property name="java.home" value="C:\Program Files\Java\jdk-18.0.1.1"/>
    <property name="file.separator" value="\"/>
    <property name="basedir" value="E:\workspace.Test\spring-mvc-raml -test"/>
    <property name="java.vm.compressedOopsMode" value="32-bit"/>
    <property name="line.separator" value="&#10;"/>
    <property name="java.vm.specification.vendor" value="Oracle Corporation"/>
    <property name="java.specification.name" value="Java Platform API Specification"/>
    <property name="surefire.real.class.path" value="C:\Users\OMPRAK~1\AppData\Local\Temp\surefire903588298496139743\surefirebooter6992056578628506132.jar"/>
    <property name="user.script" value=""/>
    <property name="sun.management.compiler" value="HotSpot 64-Bit Tiered Compilers"/>
    <property name="java.runtime.version" value="18.0.1.1+2-6"/>
    <property name="user.name" value="OM PRAKASH"/>
    <property name="path.separator" value=";"/>
    <property name="os.version" value="10.0"/>
    <property name="java.runtime.name" value="Java(TM) SE Runtime Environment"/>
    <property name="file.encoding" value="UTF-8"/>
    <property name="java.vm.name" value="Java HotSpot(TM) 64-Bit Server VM"/>
    <property name="localRepository" value="C:\Users\OM PRAKASH\.m2"/>
    <property name="java.vendor.url.bug" value="https://bugreport.java.com/bugreport/"/>
    <property name="java.io.tmpdir" value="C:\Users\OMPRAK~1\AppData\Local\Temp\"/>
    <property name="idea.version" value="2022.1"/>
    <property name="java.version" value="18.0.1.1"/>
    <property name="user.dir" value="E:\workspace.Test\spring-mvc-raml -test"/>
    <property name="os.arch" value="amd64"/>
    <property name="java.vm.specification.name" value="Java Virtual Machine Specification"/>
    <property name="sun.os.patch.level" value=""/>
    <property name="native.encoding" value="Cp1252"/>
    <property name="java.library.path" value="C:\Program Files\Java\jdk-18.0.1.1\bin;C:\WINDOWS\Sun\Java\bin;C:\WINDOWS\system32;C:\WINDOWS;C:\Program Files\Common Files\Oracle\Java\javapath;C:\oraclexe\app\oracle\product\10.2.0\server\bin;C:\Program Files (x86)\Common Files\Oracle\Java\javapath;C:\WINDOWS\system32;C:\WINDOWS;C:\WINDOWS\System32\Wbem;C:\WINDOWS\System32\WindowsPowerShell\v1.0\;C:\WINDOWS\System32\OpenSSH\;D:\nodejs\;C:\Program Files\Docker\Docker\resources\bin;C:\ProgramData\DockerDesktop\version-bin;C:\Program Files\Kubernetes\Minikube;C:\Program Files\Git\cmd;D:\apache-maven-3.8.5\bin;C:\Program Files\MySQL\MySQL Shell 8.0\bin\;C:\Users\OM PRAKASH\AppData\Local\Microsoft\WindowsApps;C:\Users\OM PRAKASH\AppData\Local\Programs\Microsoft VS Code\bin;C:\Users\OM PRAKASH\AppData\Roaming\npm;C:\Program Files\JetBrains\IntelliJ IDEA Community Edition 2022.1\bin;C:\Users\OM PRAKASH\AppData\Local\atom\bin;."/>
    <property name="java.vm.info" value="mixed mode, sharing"/>
    <property name="java.vendor" value="Oracle Corporation"/>
    <property name="java.vm.version" value="18.0.1.1+2-6"/>
    <property name="sun.io.unicode.encoding" value="UnicodeLittle"/>
    <property name="java.class.version" value="62.0"/>
  </properties>
  <testcase name="com.huongdanjava.ramlspringmvc.RamlSpringMvcApplicationTests" classname="com.huongdanjava.ramlspringmvc.RamlSpringMvcApplicationTests" time="0.185">
    <error message="Unable to find a @SpringBootConfiguration, you need to use @ContextConfiguration or @SpringBootTest(classes=...) with your test" type="java.lang.IllegalStateException">java.lang.IllegalStateException: Unable to find a @SpringBootConfiguration, you need to use @ContextConfiguration or @SpringBootTest(classes=...) with your test
</error>
    <system-out><![CDATA[09:49:23.669 [main] DEBUG org.springframework.test.context.BootstrapUtils - Instantiating CacheAwareContextLoaderDelegate from class [org.springframework.test.context.cache.DefaultCacheAwareContextLoaderDelegate]
09:49:23.676 [main] DEBUG org.springframework.test.context.BootstrapUtils - Instantiating BootstrapContext using constructor [public org.springframework.test.context.support.DefaultBootstrapContext(java.lang.Class,org.springframework.test.context.CacheAwareContextLoaderDelegate)]
09:49:23.713 [main] DEBUG org.springframework.test.context.BootstrapUtils - Instantiating TestContextBootstrapper for test class [com.huongdanjava.ramlspringmvc.RamlSpringMvcApplicationTests] from class [org.springframework.boot.test.context.SpringBootTestContextBootstrapper]
09:49:23.721 [main] INFO org.springframework.boot.test.context.SpringBootTestContextBootstrapper - Neither @ContextConfiguration nor @ContextHierarchy found for test class [com.huongdanjava.ramlspringmvc.RamlSpringMvcApplicationTests], using SpringBootContextLoader
09:49:23.724 [main] DEBUG org.springframework.test.context.support.AbstractContextLoader - Did not detect default resource location for test class [com.huongdanjava.ramlspringmvc.RamlSpringMvcApplicationTests]: class path resource [com/huongdanjava/ramlspringmvc/RamlSpringMvcApplicationTests-context.xml] does not exist
09:49:23.724 [main] DEBUG org.springframework.test.context.support.AbstractContextLoader - Did not detect default resource location for test class [com.huongdanjava.ramlspringmvc.RamlSpringMvcApplicationTests]: class path resource [com/huongdanjava/ramlspringmvc/RamlSpringMvcApplicationTestsContext.groovy] does not exist
09:49:23.724 [main] INFO org.springframework.test.context.support.AbstractContextLoader - Could not detect default resource locations for test class [com.huongdanjava.ramlspringmvc.RamlSpringMvcApplicationTests]: no resource found for suffixes {-context.xml, Context.groovy}.
09:49:23.725 [main] INFO org.springframework.test.context.support.AnnotationConfigContextLoaderUtils - Could not detect default configuration classes for test class [com.huongdanjava.ramlspringmvc.RamlSpringMvcApplicationTests]: RamlSpringMvcApplicationTests does not declare any static, non-private, non-final, nested classes annotated with @Configuration.
09:49:23.758 [main] DEBUG org.springframework.test.context.support.ActiveProfilesUtils - Could not find an 'annotation declaring class' for annotation type [org.springframework.test.context.ActiveProfiles] and class [com.huongdanjava.ramlspringmvc.RamlSpringMvcApplicationTests]
]]></system-out>
  </testcase>
</testsuite>